<?xml version="1.0" encoding="UTF-8"?>
<!-- Generated by org.testng.reporters.JUnitReportReporter -->
<testsuite hostname="GanesH" failures="0" tests="1" name="TestLayer.LoginPageTest" time="204.263" errors="0" timestamp="2022-11-29T17:19:20 PST" skipped="0">
  <testcase classname="TestLayer.LoginPageTest" name="verifyLoginTest" time="204.263"/>
  <system-out/>
</testsuite> <!-- TestLayer.LoginPageTest -->
